<?xml version="1.0" encoding="UTF-8"?>
<testng-results ignored="0" total="2" passed="2" failed="0" skipped="0">
  <reporter-output>
  </reporter-output>
  <suite started-at="2024-01-24T12:13:51 IST" name="Test Automation Suite" finished-at="2024-01-24T12:14:09 IST" duration-ms="18294">
    <groups>
    </groups>
    <test started-at="2024-01-24T12:13:51 IST" name="Test" finished-at="2024-01-24T12:14:09 IST" duration-ms="18294">
      <class name="com.sdet.testscript.TC_InvalidLogin_002">
        <test-method is-config="true" signature="setUp(java.lang.String,java.lang.String)[pri:0, instance:com.sdet.testscript.TC_InvalidLogin_002@74e28667]" started-at="2024-01-24T12:14:04 IST" name="setUp" finished-at="2024-01-24T12:14:07 IST" duration-ms="2834" status="PASS">
          <params>
            <param index="0">
              <value>
                <![CDATA[Edge]]>
              </value>
            </param>
            <param index="1">
              <value>
                <![CDATA[https://www.saucedemo.com/]]>
              </value>
            </param>
          </params>
          <reporter-output>
          </reporter-output>
        </test-method> <!-- setUp -->
        <test-method signature="testValidLogin()[pri:2, instance:com.sdet.testscript.TC_InvalidLogin_002@74e28667]" started-at="2024-01-24T12:14:07 IST" name="testValidLogin" finished-at="2024-01-24T12:14:08 IST" duration-ms="1111" status="PASS">
          <reporter-output>
          </reporter-output>
        </test-method> <!-- testValidLogin -->
        <test-method is-config="true" signature="tearDown()[pri:0, instance:com.sdet.testscript.TC_InvalidLogin_002@74e28667]" started-at="2024-01-24T12:14:08 IST" name="tearDown" finished-at="2024-01-24T12:14:09 IST" duration-ms="1037" status="PASS">
          <reporter-output>
          </reporter-output>
        </test-method> <!-- tearDown -->
      </class> <!-- com.sdet.testscript.TC_InvalidLogin_002 -->
      <class name="com.sdet.testscript.TC_Login_001">
        <test-method is-config="true" signature="setUp(java.lang.String,java.lang.String)[pri:0, instance:com.sdet.testscript.TC_Login_001@3b0fe47a]" started-at="2024-01-24T12:13:51 IST" name="setUp" finished-at="2024-01-24T12:14:02 IST" duration-ms="11119" status="PASS">
          <params>
            <param index="0">
              <value>
                <![CDATA[Edge]]>
              </value>
            </param>
            <param index="1">
              <value>
                <![CDATA[https://www.saucedemo.com/]]>
              </value>
            </param>
          </params>
          <reporter-output>
          </reporter-output>
        </test-method> <!-- setUp -->
        <test-method signature="testValidLogin()[pri:1, instance:com.sdet.testscript.TC_Login_001@3b0fe47a]" started-at="2024-01-24T12:14:02 IST" name="testValidLogin" finished-at="2024-01-24T12:14:03 IST" duration-ms="839" status="PASS">
          <reporter-output>
          </reporter-output>
        </test-method> <!-- testValidLogin -->
        <test-method is-config="true" signature="tearDown()[pri:0, instance:com.sdet.testscript.TC_Login_001@3b0fe47a]" started-at="2024-01-24T12:14:03 IST" name="tearDown" finished-at="2024-01-24T12:14:04 IST" duration-ms="792" status="PASS">
          <reporter-output>
          </reporter-output>
        </test-method> <!-- tearDown -->
      </class> <!-- com.sdet.testscript.TC_Login_001 -->
    </test> <!-- Test -->
  </suite> <!-- Test Automation Suite -->
</testng-results>
